<?xml version="1.0" encoding="UTF-8"?>
<testsuite name="com.titarenko.service.EmployeeValidatorTest" tests="5" skipped="0" failures="0" errors="0" timestamp="2020-03-25T18:23:56" hostname="ZENBOOK" time="0.003">
  <properties/>
  <testcase name="testEmpty()" classname="com.titarenko.service.EmployeeValidatorTest" time="0.0"/>
  <testcase name="testDate()" classname="com.titarenko.service.EmployeeValidatorTest" time="0.001"/>
  <testcase name="testName()" classname="com.titarenko.service.EmployeeValidatorTest" time="0.001"/>
  <testcase name="testNull()" classname="com.titarenko.service.EmployeeValidatorTest" time="0.0"/>
  <testcase name="testSalary()" classname="com.titarenko.service.EmployeeValidatorTest" time="0.0"/>
  <system-out><![CDATA[]]></system-out>
  <system-err><![CDATA[]]></system-err>
</testsuite>
